<?xml version="1.0" encoding="UTF-8"?>
<testsuite xmlns:xsi="http://www.w3.org/2001/XMLSchema-instance" xsi:noNamespaceSchemaLocation="https://maven.apache.org/surefire/maven-surefire-plugin/xsd/surefire-test-report.xsd" version="3.0.2" name="com.example.reservations_voyages.ReservationsVoyagesApplicationTests" time="35.855" tests="1" errors="0" skipped="0" failures="0">
  <properties>
[...]
</properties>
  <testcase name="contextLoads" classname="com.example.reservations_voyages.ReservationsVoyagesApplicationTests" time="1.056">
    <system-out><![CDATA[18:28:20.822 [main] INFO org.springframework.test.context.support.AnnotationConfigContextLoaderUtils -- Could not detect default configuration classes for test class [com.example.reservations_voyages.ReservationsVoyagesApplicationTests]: ReservationsVoyagesApplicationTests does not declare any static, non-private, non-final, nested classes annotated with @Configuration.
18:28:21.648 [main] INFO org.springframework.boot.test.context.SpringBootTestContextBootstrapper -- Found @SpringBootConfiguration com.example.reservations_voyages.ReservationsVoyagesApplication for test class com.example.reservations_voyages.ReservationsVoyagesApplicationTests

  .   ____          _            __ _ _
 /\\ / ___'_ __ _ _(_)_ __  __ _ \ \ \ \
( ( )\___ | '_ | '_| | '_ \/ _` | \ \ \ \
 \\/  ___)| |_)| | | | | || (_| |  ) ) ) )
  '  |____| .__|_| |_|_| |_\__, | / / / /
 =========|_|==============|___/=/_/_/_/

 :: Spring Boot ::                (v4.0.1)

2026-01-19T18:28:25.379+01:00  INFO 10592 --- [reservations_voyages] [           main] .e.r.ReservationsVoyagesApplicationTests : Starting ReservationsVoyagesApplicationTests using Java 17.0.17 with PID 10592 (started by P C in D:\PSBEEX\reservations_voyages)
2026-01-19T18:28:25.383+01:00  INFO 10592 --- [reservations_voyages] [           main] .e.r.ReservationsVoyagesApplicationTests : No active profile set, falling back to 1 default profile: "default"
2026-01-19T18:28:30.647+01:00  INFO 10592 --- [reservations_voyages] [           main] .s.d.r.c.RepositoryConfigurationDelegate : Bootstrapping Spring Data JPA repositories in DEFAULT mode.
2026-01-19T18:28:31.211+01:00  INFO 10592 --- [reservations_voyages] [           main] .s.d.r.c.RepositoryConfigurationDelegate : Finished Spring Data repository scanning in 527 ms. Found 7 JPA repository interfaces.
2026-01-19T18:28:34.341+01:00  INFO 10592 --- [reservations_voyages] [           main] org.hibernate.orm.jpa                    : HHH008540: Processing PersistenceUnitInfo [name: default]
2026-01-19T18:28:34.689+01:00  INFO 10592 --- [reservations_voyages] [           main] org.hibernate.orm.core                   : HHH000001: Hibernate ORM core version 7.2.0.Final
2026-01-19T18:28:37.126+01:00  INFO 10592 --- [reservations_voyages] [           main] o.s.o.j.p.SpringPersistenceUnitInfo      : No LoadTimeWeaver setup: ignoring JPA class transformer
2026-01-19T18:28:37.290+01:00  INFO 10592 --- [reservations_voyages] [           main] com.zaxxer.hikari.HikariDataSource       : HikariPool-1 - Starting...
2026-01-19T18:28:38.099+01:00  INFO 10592 --- [reservations_voyages] [           main] com.zaxxer.hikari.pool.HikariPool        : HikariPool-1 - Added connection org.postgresql.jdbc.PgConnection@3c6b300a
2026-01-19T18:28:38.106+01:00  INFO 10592 --- [reservations_voyages] [           main] com.zaxxer.hikari.HikariDataSource       : HikariPool-1 - Start completed.
2026-01-19T18:28:38.232+01:00  WARN 10592 --- [reservations_voyages] [           main] org.hibernate.orm.deprecation            : HHH90000025: PostgreSQLDialect does not need to be specified explicitly using 'hibernate.dialect' (remove the property setting and it will be selected by default)
2026-01-19T18:28:38.357+01:00  INFO 10592 --- [reservations_voyages] [           main] org.hibernate.orm.connections.pooling    : HHH10001005: Database info:
	Database JDBC URL [jdbc:postgresql://localhost:5432/travel_db]
	Database driver: PostgreSQL JDBC Driver
	Database dialect: PostgreSQLDialect
	Database version: 16.11
	Default catalog/schema: travel_db/public
	Autocommit mode: undefined/unknown
	Isolation level: READ_COMMITTED [default READ_COMMITTED]
	JDBC fetch size: none
	Pool: DataSourceConnectionProvider
	Minimum pool size: undefined/unknown
	Maximum pool size: undefined/unknown
2026-01-19T18:28:47.095+01:00  INFO 10592 --- [reservations_voyages] [           main] org.hibernate.orm.core                   : HHH000489: No JTA platform available (set 'hibernate.transaction.jta.platform' to enable JTA platform integration)
2026-01-19T18:28:47.485+01:00  INFO 10592 --- [reservations_voyages] [           main] j.LocalContainerEntityManagerFactoryBean : Initialized JPA EntityManagerFactory for persistence unit 'default'
2026-01-19T18:28:48.187+01:00  INFO 10592 --- [reservations_voyages] [           main] o.s.d.j.r.query.QueryEnhancerFactories   : Hibernate is in classpath; If applicable, HQL parser will be used.
2026-01-19T18:28:49.185+01:00  INFO 10592 --- [reservations_voyages] [           main] r$InitializeUserDetailsManagerConfigurer : Global AuthenticationManager configured with UserDetailsService bean with name customUserDetailsService
2026-01-19T18:28:50.296+01:00  WARN 10592 --- [reservations_voyages] [           main] JpaBaseConfiguration$JpaWebConfiguration : spring.jpa.open-in-view is enabled by default. Therefore, database queries may be performed during view rendering. Explicitly configure spring.jpa.open-in-view to disable this warning
2026-01-19T18:28:52.249+01:00  INFO 10592 --- [reservations_voyages] [           main] .e.r.ReservationsVoyagesApplicationTests : Started ReservationsVoyagesApplicationTests in 29.313 seconds (process running for 38.34)
🚀 AdminSeeder is running
Hibernate: 
    select
        u1_0.id 
    from
        users u1_0 
    where
        u1_0.email=? 
    fetch
        first ? rows only
ℹ️ Admin already exists
]]></system-out>
  </testcase>
</testsuite>